Performing C SOURCE FILE Test CMAKE_HAVE_LIBC_PTHREAD failed with the following output:
Change Dir: /home/minerkow/Рабочий стол/CS_Programm/AVL_Tree/cmake-build-debug/CMakeFiles/CMakeTmp

Run Build Command(s):/usr/bin/make cmTC_7952c/fast && /usr/bin/make  -f CMakeFiles/cmTC_7952c.dir/build.make CMakeFiles/cmTC_7952c.dir/build
make[1]: Entering directory '/home/minerkow/Рабочий стол/CS_Programm/AVL_Tree/cmake-build-debug/CMakeFiles/CMakeTmp'
Building C object CMakeFiles/cmTC_7952c.dir/src.c.o
/usr/bin/cc   -DCMAKE_HAVE_LIBC_PTHREAD   -o CMakeFiles/cmTC_7952c.dir/src.c.o   -c "/home/minerkow/Рабочий стол/CS_Programm/AVL_Tree/cmake-build-debug/CMakeFiles/CMakeTmp/src.c"
Linking C executable cmTC_7952c
/home/minerkow/.local/share/JetBrains/Toolbox/apps/CLion/ch-0/203.7148.70/bin/cmake/linux/bin/cmake -E cmake_link_script CMakeFiles/cmTC_7952c.dir/link.txt --verbose=1
/usr/bin/cc  -DCMAKE_HAVE_LIBC_PTHREAD    -rdynamic CMakeFiles/cmTC_7952c.dir/src.c.o  -o cmTC_7952c 
/usr/bin/ld: CMakeFiles/cmTC_7952c.dir/src.c.o: in function `main':
src.c:(.text+0x46): undefined reference to `pthread_create'
/usr/bin/ld: src.c:(.text+0x52): undefined reference to `pthread_detach'
/usr/bin/ld: src.c:(.text+0x5e): undefined reference to `pthread_cancel'
/usr/bin/ld: src.c:(.text+0x6f): undefined reference to `pthread_join'
collect2: error: ld returned 1 exit status
make[1]: *** [CMakeFiles/cmTC_7952c.dir/build.make:107: cmTC_7952c] Error 1
make[1]: Leaving directory '/home/minerkow/Рабочий стол/CS_Programm/AVL_Tree/cmake-build-debug/CMakeFiles/CMakeTmp'
make: *** [Makefile:141: cmTC_7952c/fast] Error 2


Source file was:
#include <pthread.h>

void* test_func(void* data)
{
  return data;
}

int main(void)
{
  pthread_t thread;
  pthread_create(&thread, NULL, test_func, NULL);
  pthread_detach(thread);
  pthread_cancel(thread);
  pthread_join(thread, NULL);
  pthread_atfork(NULL, NULL, NULL);
  pthread_exit(NULL);

  return 0;
}

Determining if the function pthread_create exists in the pthreads failed with the following output:
Change Dir: /home/minerkow/Рабочий стол/CS_Programm/AVL_Tree/cmake-build-debug/CMakeFiles/CMakeTmp

Run Build Command(s):/usr/bin/make cmTC_39453/fast && /usr/bin/make  -f CMakeFiles/cmTC_39453.dir/build.make CMakeFiles/cmTC_39453.dir/build
make[1]: Entering directory '/home/minerkow/Рабочий стол/CS_Programm/AVL_Tree/cmake-build-debug/CMakeFiles/CMakeTmp'
Building C object CMakeFiles/cmTC_39453.dir/CheckFunctionExists.c.o
/usr/bin/cc   -DCHECK_FUNCTION_EXISTS=pthread_create   -o CMakeFiles/cmTC_39453.dir/CheckFunctionExists.c.o   -c /home/minerkow/.local/share/JetBrains/Toolbox/apps/CLion/ch-0/203.7148.70/bin/cmake/linux/share/cmake-3.17/Modules/CheckFunctionExists.c
Linking C executable cmTC_39453
/home/minerkow/.local/share/JetBrains/Toolbox/apps/CLion/ch-0/203.7148.70/bin/cmake/linux/bin/cmake -E cmake_link_script CMakeFiles/cmTC_39453.dir/link.txt --verbose=1
/usr/bin/cc  -DCHECK_FUNCTION_EXISTS=pthread_create    -rdynamic CMakeFiles/cmTC_39453.dir/CheckFunctionExists.c.o  -o cmTC_39453  -lpthreads 
/usr/bin/ld: cannot find -lpthreads
collect2: error: ld returned 1 exit status
make[1]: *** [CMakeFiles/cmTC_39453.dir/build.make:107: cmTC_39453] Error 1
make[1]: Leaving directory '/home/minerkow/Рабочий стол/CS_Programm/AVL_Tree/cmake-build-debug/CMakeFiles/CMakeTmp'
make: *** [Makefile:141: cmTC_39453/fast] Error 2



