The C compiler identification could not be found in "/home/minerkow/Рабочий стол/CS_Programm/AVL_Tree/cmake-build-debug-coverage/CMakeFiles/3.17.5/CompilerIdC/CMakeCCompilerId.gcno"

The CXX compiler identification could not be found in "/home/minerkow/Рабочий стол/CS_Programm/AVL_Tree/cmake-build-debug-coverage/CMakeFiles/3.17.5/CompilerIdCXX/CMakeCXXCompilerId.gcno"

Performing C SOURCE FILE Test CMAKE_HAVE_LIBC_PTHREAD failed with the following output:
Change Dir: /home/minerkow/Рабочий стол/CS_Programm/AVL_Tree/cmake-build-debug-coverage/CMakeFiles/CMakeTmp

Run Build Command(s):/usr/bin/make cmTC_340a3/fast && /usr/bin/make  -f CMakeFiles/cmTC_340a3.dir/build.make CMakeFiles/cmTC_340a3.dir/build
make[1]: Entering directory '/home/minerkow/Рабочий стол/CS_Programm/AVL_Tree/cmake-build-debug-coverage/CMakeFiles/CMakeTmp'
Building C object CMakeFiles/cmTC_340a3.dir/src.c.o
/usr/bin/cc   -g -O0 --coverage -fprofile-arcs -ftest-coverage -DCMAKE_HAVE_LIBC_PTHREAD   -o CMakeFiles/cmTC_340a3.dir/src.c.o   -c "/home/minerkow/Рабочий стол/CS_Programm/AVL_Tree/cmake-build-debug-coverage/CMakeFiles/CMakeTmp/src.c"
Linking C executable cmTC_340a3
/home/minerkow/.local/share/JetBrains/Toolbox/apps/CLion/ch-0/203.7148.70/bin/cmake/linux/bin/cmake -E cmake_link_script CMakeFiles/cmTC_340a3.dir/link.txt --verbose=1
/usr/bin/cc -g -O0 --coverage -fprofile-arcs -ftest-coverage -DCMAKE_HAVE_LIBC_PTHREAD    -rdynamic CMakeFiles/cmTC_340a3.dir/src.c.o  -o cmTC_340a3 
/usr/bin/ld: CMakeFiles/cmTC_340a3.dir/src.c.o: in function `main':
/home/minerkow/Рабочий стол/CS_Programm/AVL_Tree/cmake-build-debug-coverage/CMakeFiles/CMakeTmp/src.c:11: undefined reference to `pthread_create'
/usr/bin/ld: /home/minerkow/Рабочий стол/CS_Programm/AVL_Tree/cmake-build-debug-coverage/CMakeFiles/CMakeTmp/src.c:12: undefined reference to `pthread_detach'
/usr/bin/ld: /home/minerkow/Рабочий стол/CS_Programm/AVL_Tree/cmake-build-debug-coverage/CMakeFiles/CMakeTmp/src.c:13: undefined reference to `pthread_cancel'
/usr/bin/ld: /home/minerkow/Рабочий стол/CS_Programm/AVL_Tree/cmake-build-debug-coverage/CMakeFiles/CMakeTmp/src.c:14: undefined reference to `pthread_join'
collect2: error: ld returned 1 exit status
make[1]: *** [CMakeFiles/cmTC_340a3.dir/build.make:107: cmTC_340a3] Error 1
make[1]: Leaving directory '/home/minerkow/Рабочий стол/CS_Programm/AVL_Tree/cmake-build-debug-coverage/CMakeFiles/CMakeTmp'
make: *** [Makefile:141: cmTC_340a3/fast] Error 2


Source file was:
#include <pthread.h>

void* test_func(void* data)
{
  return data;
}

int main(void)
{
  pthread_t thread;
  pthread_create(&thread, NULL, test_func, NULL);
  pthread_detach(thread);
  pthread_cancel(thread);
  pthread_join(thread, NULL);
  pthread_atfork(NULL, NULL, NULL);
  pthread_exit(NULL);

  return 0;
}

Determining if the function pthread_create exists in the pthreads failed with the following output:
Change Dir: /home/minerkow/Рабочий стол/CS_Programm/AVL_Tree/cmake-build-debug-coverage/CMakeFiles/CMakeTmp

Run Build Command(s):/usr/bin/make cmTC_448e3/fast && /usr/bin/make  -f CMakeFiles/cmTC_448e3.dir/build.make CMakeFiles/cmTC_448e3.dir/build
make[1]: Entering directory '/home/minerkow/Рабочий стол/CS_Programm/AVL_Tree/cmake-build-debug-coverage/CMakeFiles/CMakeTmp'
Building C object CMakeFiles/cmTC_448e3.dir/CheckFunctionExists.c.o
/usr/bin/cc   -g -O0 --coverage -fprofile-arcs -ftest-coverage -DCHECK_FUNCTION_EXISTS=pthread_create   -o CMakeFiles/cmTC_448e3.dir/CheckFunctionExists.c.o   -c /home/minerkow/.local/share/JetBrains/Toolbox/apps/CLion/ch-0/203.7148.70/bin/cmake/linux/share/cmake-3.17/Modules/CheckFunctionExists.c
Linking C executable cmTC_448e3
/home/minerkow/.local/share/JetBrains/Toolbox/apps/CLion/ch-0/203.7148.70/bin/cmake/linux/bin/cmake -E cmake_link_script CMakeFiles/cmTC_448e3.dir/link.txt --verbose=1
/usr/bin/cc -g -O0 --coverage -fprofile-arcs -ftest-coverage -DCHECK_FUNCTION_EXISTS=pthread_create    -rdynamic CMakeFiles/cmTC_448e3.dir/CheckFunctionExists.c.o  -o cmTC_448e3  -lpthreads 
/usr/bin/ld: cannot find -lpthreads
collect2: error: ld returned 1 exit status
make[1]: *** [CMakeFiles/cmTC_448e3.dir/build.make:107: cmTC_448e3] Error 1
make[1]: Leaving directory '/home/minerkow/Рабочий стол/CS_Programm/AVL_Tree/cmake-build-debug-coverage/CMakeFiles/CMakeTmp'
make: *** [Makefile:141: cmTC_448e3/fast] Error 2



